#! /c/Source/iverilog-install/bin/vvp
:ivl_version "12.0 (devel)" "(s20150603-1539-g2693dd32b)";
:ivl_delay_selection "TYPICAL";
:vpi_time_precision - 12;
:vpi_module "C:\iverilog\lib\ivl\system.vpi";
:vpi_module "C:\iverilog\lib\ivl\vhdl_sys.vpi";
:vpi_module "C:\iverilog\lib\ivl\vhdl_textio.vpi";
:vpi_module "C:\iverilog\lib\ivl\v2005_math.vpi";
:vpi_module "C:\iverilog\lib\ivl\va_math.vpi";
S_000002856c8d0310 .scope module, "tb_voting_machine" "tb_voting_machine" 2 3;
 .timescale -9 -12;
v000002856c943130_0 .var "button1", 0 0;
v000002856c9434f0_0 .var "button2", 0 0;
v000002856c942af0_0 .var "button3", 0 0;
v000002856c942eb0_0 .var "button4", 0 0;
v000002856c943ef0_0 .var "clock", 0 0;
v000002856c943d10_0 .net "count1", 7 0, v000002856c941f40_0;  1 drivers
v000002856c942690_0 .net "count2", 7 0, v000002856c941220_0;  1 drivers
v000002856c942ff0_0 .net "count3", 7 0, v000002856c941900_0;  1 drivers
v000002856c943090_0 .net "count4", 7 0, v000002856c941a40_0;  1 drivers
v000002856c942a50_0 .var "mode", 0 0;
v000002856c9425f0_0 .var "reset", 0 0;
S_000002856c8e2ba0 .scope module, "dut" "top" 2 19, 3 1 0, S_000002856c8d0310;
 .timescale 0 0;
    .port_info 0 /INPUT 1 "clock";
    .port_info 1 /INPUT 1 "reset";
    .port_info 2 /INPUT 1 "mode";
    .port_info 3 /OUTPUT 8 "count1";
    .port_info 4 /OUTPUT 8 "count2";
    .port_info 5 /OUTPUT 8 "count3";
    .port_info 6 /OUTPUT 8 "count4";
    .port_info 7 /INPUT 1 "button1";
    .port_info 8 /INPUT 1 "button2";
    .port_info 9 /INPUT 1 "button3";
    .port_info 10 /INPUT 1 "button4";
v000002856c9414a0_0 .net "button1", 0 0, v000002856c943130_0;  1 drivers
v000002856c941b80_0 .net "button2", 0 0, v000002856c9434f0_0;  1 drivers
v000002856c9412c0_0 .net "button3", 0 0, v000002856c942af0_0;  1 drivers
v000002856c941d60_0 .net "button4", 0 0, v000002856c942eb0_0;  1 drivers
v000002856c9419a0_0 .net "clock", 0 0, v000002856c943ef0_0;  1 drivers
v000002856c941e00_0 .net "count1", 7 0, v000002856c941f40_0;  alias, 1 drivers
v000002856c941720_0 .net "count2", 7 0, v000002856c941220_0;  alias, 1 drivers
v000002856c941ea0_0 .net "count3", 7 0, v000002856c941900_0;  alias, 1 drivers
v000002856c9417c0_0 .net "count4", 7 0, v000002856c941a40_0;  alias, 1 drivers
v000002856c943450_0 .net "mode", 0 0, v000002856c942a50_0;  1 drivers
v000002856c943a90_0 .net "reset", 0 0, v000002856c9425f0_0;  1 drivers
v000002856c9422d0_0 .net "vv1", 0 0, v000002856c8cced0_0;  1 drivers
v000002856c943b30_0 .net "vv2", 0 0, v000002856c8d22e0_0;  1 drivers
v000002856c9424b0_0 .net "vv3", 0 0, v000002856c8daba0_0;  1 drivers
v000002856c942550_0 .net "vv4", 0 0, v000002856c9410e0_0;  1 drivers
S_000002856c8e2d30 .scope module, "bc1" "button_control" 3 17, 4 1 0, S_000002856c8e2ba0;
 .timescale 0 0;
    .port_info 0 /INPUT 1 "clock";
    .port_info 1 /INPUT 1 "button";
    .port_info 2 /INPUT 1 "reset";
    .port_info 3 /OUTPUT 1 "valid";
v000002856c8ce4d0_0 .net "button", 0 0, v000002856c943130_0;  alias, 1 drivers
v000002856c8cd380_0 .net "clock", 0 0, v000002856c943ef0_0;  alias, 1 drivers
v000002856c8cd420_0 .var "counter", 31 0;
v000002856c8cce30_0 .net "reset", 0 0, v000002856c9425f0_0;  alias, 1 drivers
v000002856c8cced0_0 .var "valid", 0 0;
E_000002856c8cfdd0 .event posedge, v000002856c8cd380_0;
S_000002856c9fcff0 .scope module, "bc2" "button_control" 3 24, 4 1 0, S_000002856c8e2ba0;
 .timescale 0 0;
    .port_info 0 /INPUT 1 "clock";
    .port_info 1 /INPUT 1 "button";
    .port_info 2 /INPUT 1 "reset";
    .port_info 3 /OUTPUT 1 "valid";
v000002856c8cacd0_0 .net "button", 0 0, v000002856c9434f0_0;  alias, 1 drivers
v000002856c8cad70_0 .net "clock", 0 0, v000002856c943ef0_0;  alias, 1 drivers
v000002856c8e2ec0_0 .var "counter", 31 0;
v000002856c8e2f60_0 .net "reset", 0 0, v000002856c9425f0_0;  alias, 1 drivers
v000002856c8d22e0_0 .var "valid", 0 0;
S_000002856c9fd180 .scope module, "bc3" "button_control" 3 31, 4 1 0, S_000002856c8e2ba0;
 .timescale 0 0;
    .port_info 0 /INPUT 1 "clock";
    .port_info 1 /INPUT 1 "button";
    .port_info 2 /INPUT 1 "reset";
    .port_info 3 /OUTPUT 1 "valid";
v000002856c8d2380_0 .net "button", 0 0, v000002856c942af0_0;  alias, 1 drivers
v000002856c9fd310_0 .net "clock", 0 0, v000002856c943ef0_0;  alias, 1 drivers
v000002856c9fd3b0_0 .var "counter", 31 0;
v000002856c8dab00_0 .net "reset", 0 0, v000002856c9425f0_0;  alias, 1 drivers
v000002856c8daba0_0 .var "valid", 0 0;
S_000002856c8dac40 .scope module, "bc4" "button_control" 3 38, 4 1 0, S_000002856c8e2ba0;
 .timescale 0 0;
    .port_info 0 /INPUT 1 "clock";
    .port_info 1 /INPUT 1 "button";
    .port_info 2 /INPUT 1 "reset";
    .port_info 3 /OUTPUT 1 "valid";
v000002856c941c20_0 .net "button", 0 0, v000002856c942eb0_0;  alias, 1 drivers
v000002856c941540_0 .net "clock", 0 0, v000002856c943ef0_0;  alias, 1 drivers
v000002856c9415e0_0 .var "counter", 31 0;
v000002856c941360_0 .net "reset", 0 0, v000002856c9425f0_0;  alias, 1 drivers
v000002856c9410e0_0 .var "valid", 0 0;
S_000002856c8dadd0 .scope module, "vote_unit" "vote" 3 45, 5 1 0, S_000002856c8e2ba0;
 .timescale -9 -12;
    .port_info 0 /INPUT 1 "clock";
    .port_info 1 /INPUT 1 "reset";
    .port_info 2 /INPUT 1 "mode";
    .port_info 3 /INPUT 1 "vv1";
    .port_info 4 /INPUT 1 "vv2";
    .port_info 5 /INPUT 1 "vv3";
    .port_info 6 /INPUT 1 "vv4";
    .port_info 7 /OUTPUT 8 "count1";
    .port_info 8 /OUTPUT 8 "count2";
    .port_info 9 /OUTPUT 8 "count3";
    .port_info 10 /OUTPUT 8 "count4";
v000002856c941860_0 .net "clock", 0 0, v000002856c943ef0_0;  alias, 1 drivers
v000002856c941f40_0 .var "count1", 7 0;
v000002856c941220_0 .var "count2", 7 0;
v000002856c941900_0 .var "count3", 7 0;
v000002856c941a40_0 .var "count4", 7 0;
v000002856c941040_0 .net "mode", 0 0, v000002856c942a50_0;  alias, 1 drivers
v000002856c941180_0 .net "reset", 0 0, v000002856c9425f0_0;  alias, 1 drivers
v000002856c941400_0 .net "vv1", 0 0, v000002856c8cced0_0;  alias, 1 drivers
v000002856c941ae0_0 .net "vv2", 0 0, v000002856c8d22e0_0;  alias, 1 drivers
v000002856c941cc0_0 .net "vv3", 0 0, v000002856c8daba0_0;  alias, 1 drivers
v000002856c941680_0 .net "vv4", 0 0, v000002856c9410e0_0;  alias, 1 drivers
    .scope S_000002856c8e2d30;
T_0 ;
    %wait E_000002856c8cfdd0;
    %load/vec4 v000002856c8cce30_0;
    %flag_set/vec4 8;
    %jmp/0xz  T_0.0, 8;
    %pushi/vec4 0, 0, 32;
    %assign/vec4 v000002856c8cd420_0, 0;
    %jmp T_0.1;
T_0.0 ;
    %load/vec4 v000002856c8ce4d0_0;
    %flag_set/vec4 9;
    %flag_get/vec4 9;
    %jmp/0 T_0.4, 9;
    %load/vec4 v000002856c8cd420_0;
    %cmpi/u 11, 0, 32;
    %flag_get/vec4 5;
    %and;
T_0.4;
    %flag_set/vec4 8;
    %jmp/0xz  T_0.2, 8;
    %load/vec4 v000002856c8cd420_0;
    %addi 1, 0, 32;
    %assign/vec4 v000002856c8cd420_0, 0;
    %jmp T_0.3;
T_0.2 ;
    %load/vec4 v000002856c8ce4d0_0;
    %nor/r;
    %flag_set/vec4 8;
    %jmp/0xz  T_0.5, 8;
    %pushi/vec4 0, 0, 32;
    %assign/vec4 v000002856c8cd420_0, 0;
T_0.5 ;
T_0.3 ;
T_0.1 ;
    %jmp T_0;
    .thread T_0;
    .scope S_000002856c8e2d30;
T_1 ;
    %wait E_000002856c8cfdd0;
    %load/vec4 v000002856c8cce30_0;
    %flag_set/vec4 8;
    %jmp/0xz  T_1.0, 8;
    %pushi/vec4 0, 0, 1;
    %assign/vec4 v000002856c8cced0_0, 0;
    %jmp T_1.1;
T_1.0 ;
    %load/vec4 v000002856c8cd420_0;
    %cmpi/e 10, 0, 32;
    %jmp/0xz  T_1.2, 4;
    %pushi/vec4 1, 0, 1;
    %assign/vec4 v000002856c8cced0_0, 0;
    %jmp T_1.3;
T_1.2 ;
    %pushi/vec4 0, 0, 1;
    %assign/vec4 v000002856c8cced0_0, 0;
T_1.3 ;
T_1.1 ;
    %jmp T_1;
    .thread T_1;
    .scope S_000002856c9fcff0;
T_2 ;
    %wait E_000002856c8cfdd0;
    %load/vec4 v000002856c8e2f60_0;
    %flag_set/vec4 8;
    %jmp/0xz  T_2.0, 8;
    %pushi/vec4 0, 0, 32;
    %assign/vec4 v000002856c8e2ec0_0, 0;
    %jmp T_2.1;
T_2.0 ;
    %load/vec4 v000002856c8cacd0_0;
    %flag_set/vec4 9;
    %flag_get/vec4 9;
    %jmp/0 T_2.4, 9;
    %load/vec4 v000002856c8e2ec0_0;
    %cmpi/u 11, 0, 32;
    %flag_get/vec4 5;
    %and;
T_2.4;
    %flag_set/vec4 8;
    %jmp/0xz  T_2.2, 8;
    %load/vec4 v000002856c8e2ec0_0;
    %addi 1, 0, 32;
    %assign/vec4 v000002856c8e2ec0_0, 0;
    %jmp T_2.3;
T_2.2 ;
    %load/vec4 v000002856c8cacd0_0;
    %nor/r;
    %flag_set/vec4 8;
    %jmp/0xz  T_2.5, 8;
    %pushi/vec4 0, 0, 32;
    %assign/vec4 v000002856c8e2ec0_0, 0;
T_2.5 ;
T_2.3 ;
T_2.1 ;
    %jmp T_2;
    .thread T_2;
    .scope S_000002856c9fcff0;
T_3 ;
    %wait E_000002856c8cfdd0;
    %load/vec4 v000002856c8e2f60_0;
    %flag_set/vec4 8;
    %jmp/0xz  T_3.0, 8;
    %pushi/vec4 0, 0, 1;
    %assign/vec4 v000002856c8d22e0_0, 0;
    %jmp T_3.1;
T_3.0 ;
    %load/vec4 v000002856c8e2ec0_0;
    %cmpi/e 10, 0, 32;
    %jmp/0xz  T_3.2, 4;
    %pushi/vec4 1, 0, 1;
    %assign/vec4 v000002856c8d22e0_0, 0;
    %jmp T_3.3;
T_3.2 ;
    %pushi/vec4 0, 0, 1;
    %assign/vec4 v000002856c8d22e0_0, 0;
T_3.3 ;
T_3.1 ;
    %jmp T_3;
    .thread T_3;
    .scope S_000002856c9fd180;
T_4 ;
    %wait E_000002856c8cfdd0;
    %load/vec4 v000002856c8dab00_0;
    %flag_set/vec4 8;
    %jmp/0xz  T_4.0, 8;
    %pushi/vec4 0, 0, 32;
    %assign/vec4 v000002856c9fd3b0_0, 0;
    %jmp T_4.1;
T_4.0 ;
    %load/vec4 v000002856c8d2380_0;
    %flag_set/vec4 9;
    %flag_get/vec4 9;
    %jmp/0 T_4.4, 9;
    %load/vec4 v000002856c9fd3b0_0;
    %cmpi/u 11, 0, 32;
    %flag_get/vec4 5;
    %and;
T_4.4;
    %flag_set/vec4 8;
    %jmp/0xz  T_4.2, 8;
    %load/vec4 v000002856c9fd3b0_0;
    %addi 1, 0, 32;
    %assign/vec4 v000002856c9fd3b0_0, 0;
    %jmp T_4.3;
T_4.2 ;
    %load/vec4 v000002856c8d2380_0;
    %nor/r;
    %flag_set/vec4 8;
    %jmp/0xz  T_4.5, 8;
    %pushi/vec4 0, 0, 32;
    %assign/vec4 v000002856c9fd3b0_0, 0;
T_4.5 ;
T_4.3 ;
T_4.1 ;
    %jmp T_4;
    .thread T_4;
    .scope S_000002856c9fd180;
T_5 ;
    %wait E_000002856c8cfdd0;
    %load/vec4 v000002856c8dab00_0;
    %flag_set/vec4 8;
    %jmp/0xz  T_5.0, 8;
    %pushi/vec4 0, 0, 1;
    %assign/vec4 v000002856c8daba0_0, 0;
    %jmp T_5.1;
T_5.0 ;
    %load/vec4 v000002856c9fd3b0_0;
    %cmpi/e 10, 0, 32;
    %jmp/0xz  T_5.2, 4;
    %pushi/vec4 1, 0, 1;
    %assign/vec4 v000002856c8daba0_0, 0;
    %jmp T_5.3;
T_5.2 ;
    %pushi/vec4 0, 0, 1;
    %assign/vec4 v000002856c8daba0_0, 0;
T_5.3 ;
T_5.1 ;
    %jmp T_5;
    .thread T_5;
    .scope S_000002856c8dac40;
T_6 ;
    %wait E_000002856c8cfdd0;
    %load/vec4 v000002856c941360_0;
    %flag_set/vec4 8;
    %jmp/0xz  T_6.0, 8;
    %pushi/vec4 0, 0, 32;
    %assign/vec4 v000002856c9415e0_0, 0;
    %jmp T_6.1;
T_6.0 ;
    %load/vec4 v000002856c941c20_0;
    %flag_set/vec4 9;
    %flag_get/vec4 9;
    %jmp/0 T_6.4, 9;
    %load/vec4 v000002856c9415e0_0;
    %cmpi/u 11, 0, 32;
    %flag_get/vec4 5;
    %and;
T_6.4;
    %flag_set/vec4 8;
    %jmp/0xz  T_6.2, 8;
    %load/vec4 v000002856c9415e0_0;
    %addi 1, 0, 32;
    %assign/vec4 v000002856c9415e0_0, 0;
    %jmp T_6.3;
T_6.2 ;
    %load/vec4 v000002856c941c20_0;
    %nor/r;
    %flag_set/vec4 8;
    %jmp/0xz  T_6.5, 8;
    %pushi/vec4 0, 0, 32;
    %assign/vec4 v000002856c9415e0_0, 0;
T_6.5 ;
T_6.3 ;
T_6.1 ;
    %jmp T_6;
    .thread T_6;
    .scope S_000002856c8dac40;
T_7 ;
    %wait E_000002856c8cfdd0;
    %load/vec4 v000002856c941360_0;
    %flag_set/vec4 8;
    %jmp/0xz  T_7.0, 8;
    %pushi/vec4 0, 0, 1;
    %assign/vec4 v000002856c9410e0_0, 0;
    %jmp T_7.1;
T_7.0 ;
    %load/vec4 v000002856c9415e0_0;
    %cmpi/e 10, 0, 32;
    %jmp/0xz  T_7.2, 4;
    %pushi/vec4 1, 0, 1;
    %assign/vec4 v000002856c9410e0_0, 0;
    %jmp T_7.3;
T_7.2 ;
    %pushi/vec4 0, 0, 1;
    %assign/vec4 v000002856c9410e0_0, 0;
T_7.3 ;
T_7.1 ;
    %jmp T_7;
    .thread T_7;
    .scope S_000002856c8dadd0;
T_8 ;
    %wait E_000002856c8cfdd0;
    %load/vec4 v000002856c941180_0;
    %flag_set/vec4 8;
    %jmp/0xz  T_8.0, 8;
    %pushi/vec4 0, 0, 8;
    %assign/vec4 v000002856c941f40_0, 0;
    %pushi/vec4 0, 0, 8;
    %assign/vec4 v000002856c941220_0, 0;
    %pushi/vec4 0, 0, 8;
    %assign/vec4 v000002856c941900_0, 0;
    %pushi/vec4 0, 0, 8;
    %assign/vec4 v000002856c941a40_0, 0;
    %jmp T_8.1;
T_8.0 ;
    %load/vec4 v000002856c941400_0;
    %flag_set/vec4 9;
    %flag_get/vec4 9;
    %jmp/0 T_8.4, 9;
    %load/vec4 v000002856c941040_0;
    %pushi/vec4 0, 0, 1;
    %cmp/e;
    %flag_get/vec4 4;
    %and;
T_8.4;
    %flag_set/vec4 8;
    %jmp/0xz  T_8.2, 8;
    %load/vec4 v000002856c941f40_0;
    %addi 1, 0, 8;
    %assign/vec4 v000002856c941f40_0, 0;
    %jmp T_8.3;
T_8.2 ;
    %load/vec4 v000002856c941ae0_0;
    %flag_set/vec4 9;
    %flag_get/vec4 9;
    %jmp/0 T_8.7, 9;
    %load/vec4 v000002856c941040_0;
    %pushi/vec4 0, 0, 1;
    %cmp/e;
    %flag_get/vec4 4;
    %and;
T_8.7;
    %flag_set/vec4 8;
    %jmp/0xz  T_8.5, 8;
    %load/vec4 v000002856c941220_0;
    %addi 1, 0, 8;
    %assign/vec4 v000002856c941220_0, 0;
    %jmp T_8.6;
T_8.5 ;
    %load/vec4 v000002856c941cc0_0;
    %flag_set/vec4 9;
    %flag_get/vec4 9;
    %jmp/0 T_8.10, 9;
    %load/vec4 v000002856c941040_0;
    %pushi/vec4 0, 0, 1;
    %cmp/e;
    %flag_get/vec4 4;
    %and;
T_8.10;
    %flag_set/vec4 8;
    %jmp/0xz  T_8.8, 8;
    %load/vec4 v000002856c941900_0;
    %addi 1, 0, 8;
    %assign/vec4 v000002856c941900_0, 0;
    %jmp T_8.9;
T_8.8 ;
    %load/vec4 v000002856c941680_0;
    %flag_set/vec4 9;
    %flag_get/vec4 9;
    %jmp/0 T_8.13, 9;
    %load/vec4 v000002856c941040_0;
    %pushi/vec4 0, 0, 1;
    %cmp/e;
    %flag_get/vec4 4;
    %and;
T_8.13;
    %flag_set/vec4 8;
    %jmp/0xz  T_8.11, 8;
    %load/vec4 v000002856c941a40_0;
    %addi 1, 0, 8;
    %assign/vec4 v000002856c941a40_0, 0;
T_8.11 ;
T_8.9 ;
T_8.6 ;
T_8.3 ;
T_8.1 ;
    %jmp T_8;
    .thread T_8;
    .scope S_000002856c8d0310;
T_9 ;
    %pushi/vec4 0, 0, 1;
    %store/vec4 v000002856c943ef0_0, 0, 1;
T_9.0 ;
    %delay 5000, 0;
    %load/vec4 v000002856c943ef0_0;
    %inv;
    %store/vec4 v000002856c943ef0_0, 0, 1;
    %jmp T_9.0;
    %end;
    .thread T_9;
    .scope S_000002856c8d0310;
T_10 ;
    %pushi/vec4 1, 0, 1;
    %store/vec4 v000002856c9425f0_0, 0, 1;
    %pushi/vec4 0, 0, 1;
    %store/vec4 v000002856c942a50_0, 0, 1;
    %pushi/vec4 0, 0, 1;
    %store/vec4 v000002856c943130_0, 0, 1;
    %pushi/vec4 0, 0, 1;
    %store/vec4 v000002856c9434f0_0, 0, 1;
    %pushi/vec4 0, 0, 1;
    %store/vec4 v000002856c942af0_0, 0, 1;
    %pushi/vec4 0, 0, 1;
    %store/vec4 v000002856c942eb0_0, 0, 1;
    %delay 20000, 0;
    %pushi/vec4 0, 0, 1;
    %store/vec4 v000002856c9425f0_0, 0, 1;
    %vpi_call 2 54 "$display", "Voting for Candidate 1" {0 0 0};
    %pushi/vec4 1, 0, 1;
    %store/vec4 v000002856c943130_0, 0, 1;
    %delay 100000, 0;
    %pushi/vec4 0, 0, 1;
    %store/vec4 v000002856c943130_0, 0, 1;
    %delay 20000, 0;
    %vpi_call 2 59 "$display", "Voting for Candidate 2" {0 0 0};
    %pushi/vec4 1, 0, 1;
    %store/vec4 v000002856c9434f0_0, 0, 1;
    %delay 100000, 0;
    %pushi/vec4 0, 0, 1;
    %store/vec4 v000002856c9434f0_0, 0, 1;
    %delay 20000, 0;
    %vpi_call 2 64 "$display", "Voting for Candidate 3" {0 0 0};
    %pushi/vec4 1, 0, 1;
    %store/vec4 v000002856c942af0_0, 0, 1;
    %delay 100000, 0;
    %pushi/vec4 0, 0, 1;
    %store/vec4 v000002856c942af0_0, 0, 1;
    %delay 20000, 0;
    %vpi_call 2 69 "$display", "Voting for Candidate 4" {0 0 0};
    %pushi/vec4 1, 0, 1;
    %store/vec4 v000002856c942eb0_0, 0, 1;
    %delay 100000, 0;
    %pushi/vec4 0, 0, 1;
    %store/vec4 v000002856c942eb0_0, 0, 1;
    %delay 20000, 0;
    %vpi_call 2 74 "$display", "Switching to RESULT MODE" {0 0 0};
    %pushi/vec4 1, 0, 1;
    %store/vec4 v000002856c942a50_0, 0, 1;
    %pushi/vec4 1, 0, 1;
    %store/vec4 v000002856c943130_0, 0, 1;
    %delay 100000, 0;
    %pushi/vec4 0, 0, 1;
    %store/vec4 v000002856c943130_0, 0, 1;
    %delay 20000, 0;
    %vpi_call 2 82 "$display", "FINAL COUNTS:" {0 0 0};
    %vpi_call 2 83 "$display", "C1=%0d C2=%0d C3=%0d C4=%0d", v000002856c943d10_0, v000002856c942690_0, v000002856c942ff0_0, v000002856c943090_0 {0 0 0};
    %delay 20000, 0;
    %vpi_call 2 87 "$finish" {0 0 0};
    %end;
    .thread T_10;
    .scope S_000002856c8d0310;
T_11 ;
    %vpi_call 2 92 "$dumpfile", "voting_machine.vcd" {0 0 0};
    %vpi_call 2 93 "$dumpvars", 32'sb00000000000000000000000000000000, S_000002856c8d0310 {0 0 0};
    %end;
    .thread T_11;
# The file index is used to find the file name in the following table.
:file_names 6;
    "N/A";
    "<interactive>";
    "test.v";
    "main.v";
    "button.v";
    "votelogger.v";
